2024-04-12 10:31:36.6123|INFO|Microsoft.AspNetCore.DataProtection.KeyManagement.XmlKeyManager|User profile is available. Using 'C:\Users\SHASHANK\AppData\Local\ASP.NET\DataProtection-Keys' as key repository and Windows DPAPI to encrypt keys at rest.
2024-04-12 10:31:37.3150|INFO|Microsoft.Hosting.Lifetime|Now listening on: https://localhost:7141
2024-04-12 10:31:37.3150|INFO|Microsoft.Hosting.Lifetime|Now listening on: http://localhost:5208
2024-04-12 10:31:37.3172|INFO|Microsoft.Hosting.Lifetime|Application started. Press Ctrl+C to shut down.
2024-04-12 10:31:37.3172|INFO|Microsoft.Hosting.Lifetime|Hosting environment: Development
2024-04-12 10:31:37.3172|INFO|Microsoft.Hosting.Lifetime|Content root path: C:\Users\SHASHANK\source\repos\FundooApplication\fundoo application
2024-04-12 10:31:38.9805|INFO|Microsoft.AspNetCore.Hosting.Diagnostics|Request starting HTTP/2 GET https://localhost:7141/swagger - - -
2024-04-12 10:31:39.4001|INFO|Microsoft.AspNetCore.Hosting.Diagnostics|Request finished HTTP/2 GET https://localhost:7141/swagger - 301 0 - 421.2076ms
2024-04-12 10:31:39.4001|INFO|Microsoft.AspNetCore.Hosting.Diagnostics|Request starting HTTP/2 GET https://localhost:7141/swagger/index.html - - -
2024-04-12 10:31:39.5174|INFO|Microsoft.AspNetCore.Hosting.Diagnostics|Request finished HTTP/2 GET https://localhost:7141/swagger/index.html - 200 - text/html;charset=utf-8 110.8618ms
2024-04-12 10:31:39.5848|INFO|Microsoft.AspNetCore.Hosting.Diagnostics|Request starting HTTP/2 GET https://localhost:7141/swagger/swagger-ui.css - - -
2024-04-12 10:31:39.5848|INFO|Microsoft.AspNetCore.Hosting.Diagnostics|Request starting HTTP/2 GET https://localhost:7141/swagger/swagger-ui-bundle.js - - -
2024-04-12 10:31:39.5848|INFO|Microsoft.AspNetCore.Hosting.Diagnostics|Request starting HTTP/2 GET https://localhost:7141/_framework/aspnetcore-browser-refresh.js - - -
2024-04-12 10:31:39.5848|INFO|Microsoft.AspNetCore.Hosting.Diagnostics|Request starting HTTP/2 GET https://localhost:7141/swagger/swagger-ui-standalone-preset.js - - -
2024-04-12 10:31:39.5848|INFO|Microsoft.AspNetCore.Hosting.Diagnostics|Request starting HTTP/2 GET https://localhost:7141/_vs/browserLink - - -
2024-04-12 10:31:39.6197|INFO|Microsoft.AspNetCore.Hosting.Diagnostics|Request finished HTTP/2 GET https://localhost:7141/_framework/aspnetcore-browser-refresh.js - 200 13760 application/javascript;+charset=utf-8 34.3036ms
2024-04-12 10:31:39.6289|INFO|Microsoft.AspNetCore.StaticFiles.StaticFileMiddleware|Sending file. Request path: '/swagger-ui.css'. Physical path: 'N/A'
2024-04-12 10:31:39.6289|INFO|Microsoft.AspNetCore.Hosting.Diagnostics|Request finished HTTP/2 GET https://localhost:7141/swagger/swagger-ui.css - 200 143943 text/css 45.9612ms
2024-04-12 10:31:39.6289|INFO|Microsoft.AspNetCore.StaticFiles.StaticFileMiddleware|Sending file. Request path: '/swagger-ui-standalone-preset.js'. Physical path: 'N/A'
2024-04-12 10:31:39.6289|INFO|Microsoft.AspNetCore.Hosting.Diagnostics|Request finished HTTP/2 GET https://localhost:7141/swagger/swagger-ui-standalone-preset.js - 200 339486 text/javascript 53.9229ms
2024-04-12 10:31:39.6827|INFO|Microsoft.AspNetCore.StaticFiles.StaticFileMiddleware|Sending file. Request path: '/swagger-ui-bundle.js'. Physical path: 'N/A'
2024-04-12 10:31:39.6827|INFO|Microsoft.AspNetCore.Hosting.Diagnostics|Request finished HTTP/2 GET https://localhost:7141/swagger/swagger-ui-bundle.js - 200 1096145 text/javascript 98.5358ms
2024-04-12 10:31:39.7332|INFO|Microsoft.AspNetCore.Hosting.Diagnostics|Request finished HTTP/2 GET https://localhost:7141/_vs/browserLink - 200 - text/javascript;+charset=UTF-8 140.2061ms
2024-04-12 10:31:39.9928|INFO|Microsoft.AspNetCore.Hosting.Diagnostics|Request starting HTTP/2 GET https://localhost:7141/swagger/v1/swagger.json - - -
2024-04-12 10:31:40.1614|INFO|Microsoft.AspNetCore.Hosting.Diagnostics|Request finished HTTP/2 GET https://localhost:7141/swagger/v1/swagger.json - 200 - application/json;charset=utf-8 168.4029ms
2024-04-12 11:21:54.7496|INFO|Microsoft.AspNetCore.DataProtection.KeyManagement.XmlKeyManager|User profile is available. Using 'C:\Users\SHASHANK\AppData\Local\ASP.NET\DataProtection-Keys' as key repository and Windows DPAPI to encrypt keys at rest.
2024-04-12 11:21:55.2810|INFO|Microsoft.Hosting.Lifetime|Now listening on: https://localhost:7141
2024-04-12 11:21:55.2810|INFO|Microsoft.Hosting.Lifetime|Now listening on: http://localhost:5208
2024-04-12 11:21:55.2840|INFO|Microsoft.Hosting.Lifetime|Application started. Press Ctrl+C to shut down.
2024-04-12 11:21:55.2840|INFO|Microsoft.Hosting.Lifetime|Hosting environment: Development
2024-04-12 11:21:55.2840|INFO|Microsoft.Hosting.Lifetime|Content root path: C:\Users\SHASHANK\source\repos\FundooApplication\fundoo application
2024-04-12 11:21:55.9990|INFO|Microsoft.AspNetCore.Hosting.Diagnostics|Request starting HTTP/2 GET https://localhost:7141/swagger/index.html - - -
2024-04-12 11:21:56.5097|INFO|Microsoft.AspNetCore.Hosting.Diagnostics|Request finished HTTP/2 GET https://localhost:7141/swagger/index.html - 200 - text/html;charset=utf-8 511.7356ms
2024-04-12 11:21:56.5309|INFO|Microsoft.AspNetCore.Hosting.Diagnostics|Request starting HTTP/2 GET https://localhost:7141/_vs/browserLink - - -
2024-04-12 11:21:56.5309|INFO|Microsoft.AspNetCore.Hosting.Diagnostics|Request starting HTTP/2 GET https://localhost:7141/_framework/aspnetcore-browser-refresh.js - - -
2024-04-12 11:21:56.5349|INFO|Microsoft.AspNetCore.Hosting.Diagnostics|Request finished HTTP/2 GET https://localhost:7141/_framework/aspnetcore-browser-refresh.js - 200 13760 application/javascript;+charset=utf-8 3.7838ms
2024-04-12 11:21:56.5925|INFO|Microsoft.AspNetCore.Hosting.Diagnostics|Request finished HTTP/2 GET https://localhost:7141/_vs/browserLink - 200 - text/javascript;+charset=UTF-8 61.6469ms
2024-04-12 11:21:56.8641|INFO|Microsoft.AspNetCore.Hosting.Diagnostics|Request starting HTTP/2 GET https://localhost:7141/swagger/v1/swagger.json - - -
2024-04-12 11:21:57.0908|INFO|Microsoft.AspNetCore.Hosting.Diagnostics|Request finished HTTP/2 GET https://localhost:7141/swagger/v1/swagger.json - 200 - application/json;charset=utf-8 226.6135ms
2024-04-12 11:22:18.8264|INFO|Microsoft.AspNetCore.Hosting.Diagnostics|Request starting HTTP/2 GET https://localhost:7141/api/Label/1?userid=1 - - -
2024-04-12 11:22:18.8365|INFO|Microsoft.AspNetCore.Routing.EndpointMiddleware|Executing endpoint 'fundoo_application.Controllers.LabelController.GetbylabelIdAndNotesId (FundooWebApp)'
2024-04-12 11:22:18.8695|INFO|Microsoft.AspNetCore.Mvc.Infrastructure.ControllerActionInvoker|Route matched with {action = "GetbylabelIdAndNotesId", controller = "Label"}. Executing controller action with signature System.Threading.Tasks.Task`1[Microsoft.AspNetCore.Mvc.IActionResult] GetbylabelIdAndNotesId(Int32) on controller fundoo_application.Controllers.LabelController (FundooWebApp).
2024-04-12 11:22:21.1815|INFO|Repository.Service.LabelServiceRepoLogic|Retrieved 3 label(s) for user with ID 1
2024-04-12 11:22:21.2008|INFO|Microsoft.AspNetCore.Mvc.Infrastructure.ObjectResultExecutor|Executing OkObjectResult, writing value of type 'System.Collections.Generic.List`1[[System.Object, System.Private.CoreLib, Version=8.0.0.0, Culture=neutral, PublicKeyToken=7cec85d7bea7798e]]'.
2024-04-12 11:22:21.2625|INFO|Microsoft.AspNetCore.Mvc.Infrastructure.ControllerActionInvoker|Executed action fundoo_application.Controllers.LabelController.GetbylabelIdAndNotesId (FundooWebApp) in 2379.9876ms
2024-04-12 11:22:21.2625|INFO|Microsoft.AspNetCore.Routing.EndpointMiddleware|Executed endpoint 'fundoo_application.Controllers.LabelController.GetbylabelIdAndNotesId (FundooWebApp)'
2024-04-12 11:22:21.2625|INFO|Microsoft.AspNetCore.Hosting.Diagnostics|Request finished HTTP/2 GET https://localhost:7141/api/Label/1?userid=1 - 200 - application/json;+charset=utf-8 2439.5084ms
2024-04-12 11:30:58.8281|INFO|Microsoft.AspNetCore.DataProtection.KeyManagement.XmlKeyManager|User profile is available. Using 'C:\Users\SHASHANK\AppData\Local\ASP.NET\DataProtection-Keys' as key repository and Windows DPAPI to encrypt keys at rest.
2024-04-12 11:30:59.0952|INFO|Microsoft.Hosting.Lifetime|Now listening on: https://localhost:7141
2024-04-12 11:30:59.0952|INFO|Microsoft.Hosting.Lifetime|Now listening on: http://localhost:5208
2024-04-12 11:30:59.0977|INFO|Microsoft.Hosting.Lifetime|Application started. Press Ctrl+C to shut down.
2024-04-12 11:30:59.0977|INFO|Microsoft.Hosting.Lifetime|Hosting environment: Development
2024-04-12 11:30:59.0977|INFO|Microsoft.Hosting.Lifetime|Content root path: C:\Users\SHASHANK\source\repos\FundooApplication\fundoo application
2024-04-12 11:31:00.2885|INFO|Microsoft.AspNetCore.Hosting.Diagnostics|Request starting HTTP/2 GET https://localhost:7141/swagger/index.html - - -
2024-04-12 11:31:01.3909|INFO|Microsoft.AspNetCore.Hosting.Diagnostics|Request finished HTTP/2 GET https://localhost:7141/swagger/index.html - 200 - text/html;charset=utf-8 1105.3627ms
2024-04-12 11:31:01.4577|INFO|Microsoft.AspNetCore.Hosting.Diagnostics|Request starting HTTP/2 GET https://localhost:7141/_framework/aspnetcore-browser-refresh.js - - -
2024-04-12 11:31:01.4577|INFO|Microsoft.AspNetCore.Hosting.Diagnostics|Request starting HTTP/2 GET https://localhost:7141/_vs/browserLink - - -
2024-04-12 11:31:01.4577|INFO|Microsoft.AspNetCore.Hosting.Diagnostics|Request finished HTTP/2 GET https://localhost:7141/_framework/aspnetcore-browser-refresh.js - 200 13760 application/javascript;+charset=utf-8 6.7037ms
2024-04-12 11:31:01.5020|INFO|Microsoft.AspNetCore.Hosting.Diagnostics|Request finished HTTP/2 GET https://localhost:7141/_vs/browserLink - 200 - text/javascript;+charset=UTF-8 44.1540ms
2024-04-12 11:31:01.6424|INFO|Microsoft.AspNetCore.Hosting.Diagnostics|Request starting HTTP/2 GET https://localhost:7141/swagger/v1/swagger.json - - -
2024-04-12 11:31:01.8042|INFO|Microsoft.AspNetCore.Hosting.Diagnostics|Request finished HTTP/2 GET https://localhost:7141/swagger/v1/swagger.json - 200 - application/json;charset=utf-8 161.6410ms
2024-04-12 11:31:33.0104|INFO|Microsoft.AspNetCore.Hosting.Diagnostics|Request starting HTTP/2 GET https://localhost:7141/api/Collaborator/{CollabId} - - -
2024-04-12 11:31:33.0301|INFO|Microsoft.AspNetCore.Authorization.DefaultAuthorizationService|Authorization failed. These requirements were not met:
DenyAnonymousAuthorizationRequirement: Requires an authenticated user.
2024-04-12 11:31:33.0351|INFO|Microsoft.AspNetCore.Authentication.JwtBearer.JwtBearerHandler|AuthenticationScheme: Bearer was challenged.
2024-04-12 11:31:33.0351|INFO|Microsoft.AspNetCore.Hosting.Diagnostics|Request finished HTTP/2 GET https://localhost:7141/api/Collaborator/{CollabId} - 401 0 - 25.0851ms
2024-04-12 11:31:55.4706|INFO|Microsoft.AspNetCore.Hosting.Diagnostics|Request starting HTTP/2 GET https://localhost:7141/api/Collaborator/{CollabId} - - -
2024-04-12 11:31:55.4753|INFO|Microsoft.AspNetCore.Authorization.DefaultAuthorizationService|Authorization failed. These requirements were not met:
DenyAnonymousAuthorizationRequirement: Requires an authenticated user.
2024-04-12 11:31:55.4753|INFO|Microsoft.AspNetCore.Authentication.JwtBearer.JwtBearerHandler|AuthenticationScheme: Bearer was challenged.
2024-04-12 11:31:55.4753|INFO|Microsoft.AspNetCore.Hosting.Diagnostics|Request finished HTTP/2 GET https://localhost:7141/api/Collaborator/{CollabId} - 401 0 - 5.8503ms
2024-04-12 11:32:00.4549|INFO|Microsoft.AspNetCore.Hosting.Diagnostics|Request starting HTTP/2 GET https://localhost:7141/api/Collaborator/{CollabId} - - -
2024-04-12 11:32:00.4582|INFO|Microsoft.AspNetCore.Authorization.DefaultAuthorizationService|Authorization failed. These requirements were not met:
DenyAnonymousAuthorizationRequirement: Requires an authenticated user.
2024-04-12 11:32:00.4582|INFO|Microsoft.AspNetCore.Authentication.JwtBearer.JwtBearerHandler|AuthenticationScheme: Bearer was challenged.
2024-04-12 11:32:00.4582|INFO|Microsoft.AspNetCore.Hosting.Diagnostics|Request finished HTTP/2 GET https://localhost:7141/api/Collaborator/{CollabId} - 401 0 - 4.1997ms
2024-04-12 11:32:05.7926|INFO|Microsoft.AspNetCore.Hosting.Diagnostics|Request starting HTTP/2 GET https://localhost:7141/api/Collaborator/{CollabId} - - -
2024-04-12 11:32:05.7926|INFO|Microsoft.AspNetCore.Authorization.DefaultAuthorizationService|Authorization failed. These requirements were not met:
DenyAnonymousAuthorizationRequirement: Requires an authenticated user.
2024-04-12 11:32:05.7926|INFO|Microsoft.AspNetCore.Authentication.JwtBearer.JwtBearerHandler|AuthenticationScheme: Bearer was challenged.
2024-04-12 11:32:05.7926|INFO|Microsoft.AspNetCore.Hosting.Diagnostics|Request finished HTTP/2 GET https://localhost:7141/api/Collaborator/{CollabId} - 401 0 - 2.7457ms
2024-04-12 11:32:12.7580|INFO|Microsoft.AspNetCore.Hosting.Diagnostics|Request starting HTTP/2 GET https://localhost:7141/api/Collaborator/{CollabId} - - -
2024-04-12 11:32:12.7580|INFO|Microsoft.AspNetCore.Authorization.DefaultAuthorizationService|Authorization failed. These requirements were not met:
DenyAnonymousAuthorizationRequirement: Requires an authenticated user.
2024-04-12 11:32:12.7580|INFO|Microsoft.AspNetCore.Authentication.JwtBearer.JwtBearerHandler|AuthenticationScheme: Bearer was challenged.
2024-04-12 11:32:12.7580|INFO|Microsoft.AspNetCore.Hosting.Diagnostics|Request finished HTTP/2 GET https://localhost:7141/api/Collaborator/{CollabId} - 401 0 - 0.7240ms
2024-04-12 11:32:39.1248|INFO|Microsoft.AspNetCore.Hosting.Diagnostics|Request starting HTTP/2 GET https://localhost:7141/api/Label/1?userid=1 - - -
2024-04-12 11:32:39.1356|INFO|Microsoft.AspNetCore.Routing.EndpointMiddleware|Executing endpoint 'fundoo_application.Controllers.LabelController.GetbylabelIdAndNotesId (FundooWebApp)'
2024-04-12 11:32:39.1904|INFO|Microsoft.AspNetCore.Mvc.Infrastructure.ControllerActionInvoker|Route matched with {action = "GetbylabelIdAndNotesId", controller = "Label"}. Executing controller action with signature System.Threading.Tasks.Task`1[Microsoft.AspNetCore.Mvc.IActionResult] GetbylabelIdAndNotesId(Int32) on controller fundoo_application.Controllers.LabelController (FundooWebApp).
2024-04-12 11:32:39.7982|INFO|Repository.Service.LabelServiceRepoLogic|Retrieved 3 label(s) for user with ID 1
2024-04-12 11:32:39.8086|INFO|Microsoft.AspNetCore.Mvc.Infrastructure.ObjectResultExecutor|Executing OkObjectResult, writing value of type 'System.Collections.Generic.List`1[[System.Object, System.Private.CoreLib, Version=8.0.0.0, Culture=neutral, PublicKeyToken=7cec85d7bea7798e]]'.
2024-04-12 11:32:39.8596|INFO|Microsoft.AspNetCore.Mvc.Infrastructure.ControllerActionInvoker|Executed action fundoo_application.Controllers.LabelController.GetbylabelIdAndNotesId (FundooWebApp) in 650.4084ms
2024-04-12 11:32:39.8596|INFO|Microsoft.AspNetCore.Routing.EndpointMiddleware|Executed endpoint 'fundoo_application.Controllers.LabelController.GetbylabelIdAndNotesId (FundooWebApp)'
2024-04-12 11:32:39.8596|INFO|Microsoft.AspNetCore.Hosting.Diagnostics|Request finished HTTP/2 GET https://localhost:7141/api/Label/1?userid=1 - 200 - application/json;+charset=utf-8 736.8475ms
2024-04-12 11:55:13.6960|INFO|Microsoft.AspNetCore.DataProtection.KeyManagement.XmlKeyManager|User profile is available. Using 'C:\Users\SHASHANK\AppData\Local\ASP.NET\DataProtection-Keys' as key repository and Windows DPAPI to encrypt keys at rest.
2024-04-12 11:55:13.9186|INFO|Microsoft.Hosting.Lifetime|Now listening on: https://localhost:7141
2024-04-12 11:55:13.9186|INFO|Microsoft.Hosting.Lifetime|Now listening on: http://localhost:5208
2024-04-12 11:55:13.9186|INFO|Microsoft.Hosting.Lifetime|Application started. Press Ctrl+C to shut down.
2024-04-12 11:55:13.9186|INFO|Microsoft.Hosting.Lifetime|Hosting environment: Development
2024-04-12 11:55:13.9186|INFO|Microsoft.Hosting.Lifetime|Content root path: C:\Users\SHASHANK\source\repos\FundooApplication\fundoo application
2024-04-12 11:55:14.4567|INFO|Microsoft.AspNetCore.Hosting.Diagnostics|Request starting HTTP/2 GET https://localhost:7141/swagger/index.html - - -
2024-04-12 11:55:14.9268|INFO|Microsoft.AspNetCore.Hosting.Diagnostics|Request finished HTTP/2 GET https://localhost:7141/swagger/index.html - 200 - text/html;charset=utf-8 470.2725ms
2024-04-12 11:55:14.9480|INFO|Microsoft.AspNetCore.Hosting.Diagnostics|Request starting HTTP/2 GET https://localhost:7141/_framework/aspnetcore-browser-refresh.js - - -
2024-04-12 11:55:14.9480|INFO|Microsoft.AspNetCore.Hosting.Diagnostics|Request starting HTTP/2 GET https://localhost:7141/_vs/browserLink - - -
2024-04-12 11:55:14.9480|INFO|Microsoft.AspNetCore.Hosting.Diagnostics|Request finished HTTP/2 GET https://localhost:7141/_framework/aspnetcore-browser-refresh.js - 200 13760 application/javascript;+charset=utf-8 4.4564ms
2024-04-12 11:55:14.9968|INFO|Microsoft.AspNetCore.Hosting.Diagnostics|Request finished HTTP/2 GET https://localhost:7141/_vs/browserLink - 200 - text/javascript;+charset=UTF-8 48.6499ms
2024-04-12 11:55:15.0781|INFO|Microsoft.AspNetCore.Hosting.Diagnostics|Request starting HTTP/2 GET https://localhost:7141/swagger/v1/swagger.json - - -
2024-04-12 11:55:15.1743|INFO|Microsoft.AspNetCore.Hosting.Diagnostics|Request finished HTTP/2 GET https://localhost:7141/swagger/v1/swagger.json - 200 - application/json;charset=utf-8 96.2217ms
2024-04-12 11:55:23.5976|INFO|Microsoft.AspNetCore.Hosting.Diagnostics|Request starting HTTP/2 GET https://localhost:7141/api/Collaborator/{CollabId} - - -
2024-04-12 11:55:23.6154|INFO|Microsoft.AspNetCore.Authorization.DefaultAuthorizationService|Authorization failed. These requirements were not met:
DenyAnonymousAuthorizationRequirement: Requires an authenticated user.
2024-04-12 11:55:23.6154|INFO|Microsoft.AspNetCore.Authentication.JwtBearer.JwtBearerHandler|AuthenticationScheme: Bearer was challenged.
2024-04-12 11:55:23.6154|INFO|Microsoft.AspNetCore.Hosting.Diagnostics|Request finished HTTP/2 GET https://localhost:7141/api/Collaborator/{CollabId} - 401 0 - 20.8573ms
2024-04-12 11:57:25.1634|INFO|Microsoft.AspNetCore.Hosting.Diagnostics|Request starting HTTP/2 GET https://localhost:7141/swagger/index.html - - -
2024-04-12 11:57:25.1634|INFO|Microsoft.AspNetCore.Hosting.Diagnostics|Request finished HTTP/2 GET https://localhost:7141/swagger/index.html - 200 - text/html;charset=utf-8 10.2994ms
2024-04-12 11:57:25.2730|INFO|Microsoft.AspNetCore.Hosting.Diagnostics|Request starting HTTP/2 GET https://localhost:7141/_framework/aspnetcore-browser-refresh.js - - -
2024-04-12 11:57:25.2730|INFO|Microsoft.AspNetCore.Hosting.Diagnostics|Request starting HTTP/2 GET https://localhost:7141/_vs/browserLink - - -
2024-04-12 11:57:25.2730|INFO|Microsoft.AspNetCore.Hosting.Diagnostics|Request finished HTTP/2 GET https://localhost:7141/_framework/aspnetcore-browser-refresh.js - 200 13760 application/javascript;+charset=utf-8 3.7826ms
2024-04-12 11:57:25.2961|INFO|Microsoft.AspNetCore.Hosting.Diagnostics|Request finished HTTP/2 GET https://localhost:7141/_vs/browserLink - 200 - text/javascript;+charset=UTF-8 20.3200ms
2024-04-12 11:57:25.3711|INFO|Microsoft.AspNetCore.Hosting.Diagnostics|Request starting HTTP/2 GET https://localhost:7141/swagger/v1/swagger.json - - -
2024-04-12 11:57:25.3881|INFO|Microsoft.AspNetCore.Hosting.Diagnostics|Request starting HTTP/2 GET https://localhost:7141/swagger/favicon-32x32.png - - -
2024-04-12 11:57:25.3881|INFO|Microsoft.AspNetCore.Hosting.Diagnostics|Request finished HTTP/2 GET https://localhost:7141/swagger/v1/swagger.json - 200 - application/json;charset=utf-8 17.0205ms
2024-04-12 11:57:25.4060|INFO|Microsoft.AspNetCore.StaticFiles.StaticFileMiddleware|Sending file. Request path: '/favicon-32x32.png'. Physical path: 'N/A'
2024-04-12 11:57:25.4060|INFO|Microsoft.AspNetCore.Hosting.Diagnostics|Request finished HTTP/2 GET https://localhost:7141/swagger/favicon-32x32.png - 200 628 image/png 18.0584ms
2024-04-12 11:57:34.5330|INFO|Microsoft.AspNetCore.Hosting.Diagnostics|Request starting HTTP/2 GET https://localhost:7141/api/Collaborator/{CollabId} - - -
2024-04-12 11:57:34.5384|INFO|Microsoft.AspNetCore.Authorization.DefaultAuthorizationService|Authorization failed. These requirements were not met:
DenyAnonymousAuthorizationRequirement: Requires an authenticated user.
2024-04-12 11:57:34.5384|INFO|Microsoft.AspNetCore.Authentication.JwtBearer.JwtBearerHandler|AuthenticationScheme: Bearer was challenged.
2024-04-12 11:57:34.5384|INFO|Microsoft.AspNetCore.Hosting.Diagnostics|Request finished HTTP/2 GET https://localhost:7141/api/Collaborator/{CollabId} - 401 0 - 7.3182ms
2024-04-12 11:58:27.0676|INFO|Microsoft.AspNetCore.Hosting.Diagnostics|Request starting HTTP/2 GET https://localhost:7141/swagger/index.html - - -
2024-04-12 11:58:27.0676|INFO|Microsoft.AspNetCore.Hosting.Diagnostics|Request finished HTTP/2 GET https://localhost:7141/swagger/index.html - 200 - text/html;charset=utf-8 6.5814ms
2024-04-12 11:58:27.1208|INFO|Microsoft.AspNetCore.Hosting.Diagnostics|Request starting HTTP/2 GET https://localhost:7141/_vs/browserLink - - -
2024-04-12 11:58:27.1208|INFO|Microsoft.AspNetCore.Hosting.Diagnostics|Request starting HTTP/2 GET https://localhost:7141/_framework/aspnetcore-browser-refresh.js - - -
2024-04-12 11:58:27.1208|INFO|Microsoft.AspNetCore.Hosting.Diagnostics|Request finished HTTP/2 GET https://localhost:7141/_framework/aspnetcore-browser-refresh.js - 200 13760 application/javascript;+charset=utf-8 0.6387ms
2024-04-12 11:58:27.1331|INFO|Microsoft.AspNetCore.Hosting.Diagnostics|Request finished HTTP/2 GET https://localhost:7141/_vs/browserLink - 200 - text/javascript;+charset=UTF-8 12.0897ms
2024-04-12 11:58:27.2030|INFO|Microsoft.AspNetCore.Hosting.Diagnostics|Request starting HTTP/2 GET https://localhost:7141/swagger/v1/swagger.json - - -
2024-04-12 11:58:27.2183|INFO|Microsoft.AspNetCore.Hosting.Diagnostics|Request finished HTTP/2 GET https://localhost:7141/swagger/v1/swagger.json - 200 - application/json;charset=utf-8 15.1822ms
2024-04-12 11:59:39.0742|INFO|Microsoft.AspNetCore.Hosting.Diagnostics|Request starting HTTP/2 POST https://localhost:7141/api/Registration/Login?email=pdshashank8%40gmail.com&password=Password%40123 - - 0
2024-04-12 11:59:39.0742|INFO|Microsoft.AspNetCore.Routing.EndpointMiddleware|Executing endpoint 'fundoo_application.Controllers.RegistrationController.userLogin (FundooWebApp)'
2024-04-12 11:59:39.1205|INFO|Microsoft.AspNetCore.Mvc.Infrastructure.ControllerActionInvoker|Route matched with {action = "userLogin", controller = "Registration"}. Executing controller action with signature System.Threading.Tasks.Task`1[Microsoft.AspNetCore.Mvc.IActionResult] userLogin(System.String, System.String, Microsoft.Extensions.Configuration.IConfiguration) on controller fundoo_application.Controllers.RegistrationController (FundooWebApp).
2024-04-12 11:59:39.1588|INFO|Program|Attempting login for user with email: pdshashank8@gmail.com
2024-04-12 11:59:39.6580|INFO|Program|User login successful for user with email: pdshashank8@gmail.com
2024-04-12 11:59:39.6898|INFO|Microsoft.AspNetCore.Mvc.Infrastructure.ObjectResultExecutor|Executing OkObjectResult, writing value of type 'System.String'.
2024-04-12 11:59:39.6964|INFO|Microsoft.AspNetCore.Mvc.Infrastructure.ControllerActionInvoker|Executed action fundoo_application.Controllers.RegistrationController.userLogin (FundooWebApp) in 569.5447ms
2024-04-12 11:59:39.6964|INFO|Microsoft.AspNetCore.Routing.EndpointMiddleware|Executed endpoint 'fundoo_application.Controllers.RegistrationController.userLogin (FundooWebApp)'
2024-04-12 11:59:39.6964|INFO|Microsoft.AspNetCore.Hosting.Diagnostics|Request finished HTTP/2 POST https://localhost:7141/api/Registration/Login?email=pdshashank8%40gmail.com&password=Password%40123 - 200 - text/plain;+charset=utf-8 622.8123ms
2024-04-12 12:00:02.9053|INFO|Microsoft.AspNetCore.Hosting.Diagnostics|Request starting HTTP/2 GET https://localhost:7141/api/Collaborator/{CollabId} - - -
2024-04-12 12:00:02.9557|INFO|Microsoft.AspNetCore.Routing.EndpointMiddleware|Executing endpoint 'fundoo_application.Controllers.CollaboratorController.Getbycollabid (FundooWebApp)'
2024-04-12 12:00:02.9588|INFO|Microsoft.AspNetCore.Mvc.Infrastructure.ControllerActionInvoker|Route matched with {action = "Getbycollabid", controller = "Collaborator"}. Executing controller action with signature System.Threading.Tasks.Task`1[Microsoft.AspNetCore.Mvc.IActionResult] Getbycollabid(Int32) on controller fundoo_application.Controllers.CollaboratorController (FundooWebApp).
2024-04-12 12:00:02.9588|INFO|Microsoft.AspNetCore.Mvc.Infrastructure.ObjectResultExecutor|Executing BadRequestObjectResult, writing value of type 'Microsoft.AspNetCore.Mvc.ValidationProblemDetails'.
2024-04-12 12:00:02.9813|INFO|Microsoft.AspNetCore.Mvc.Infrastructure.ControllerActionInvoker|Executed action fundoo_application.Controllers.CollaboratorController.Getbycollabid (FundooWebApp) in 22.4127ms
2024-04-12 12:00:02.9813|INFO|Microsoft.AspNetCore.Routing.EndpointMiddleware|Executed endpoint 'fundoo_application.Controllers.CollaboratorController.Getbycollabid (FundooWebApp)'
2024-04-12 12:00:02.9813|INFO|Microsoft.AspNetCore.Hosting.Diagnostics|Request finished HTTP/2 GET https://localhost:7141/api/Collaborator/{CollabId} - 400 - application/problem+json;+charset=utf-8 76.2325ms
2024-04-12 12:00:10.8137|INFO|Microsoft.AspNetCore.Hosting.Diagnostics|Request starting HTTP/2 GET https://localhost:7141/api/Collaborator/{CollabId} - - -
2024-04-12 12:00:10.8137|INFO|Microsoft.AspNetCore.Routing.EndpointMiddleware|Executing endpoint 'fundoo_application.Controllers.CollaboratorController.Getbycollabid (FundooWebApp)'
2024-04-12 12:00:10.8137|INFO|Microsoft.AspNetCore.Mvc.Infrastructure.ControllerActionInvoker|Route matched with {action = "Getbycollabid", controller = "Collaborator"}. Executing controller action with signature System.Threading.Tasks.Task`1[Microsoft.AspNetCore.Mvc.IActionResult] Getbycollabid(Int32) on controller fundoo_application.Controllers.CollaboratorController (FundooWebApp).
2024-04-12 12:00:10.8165|INFO|Microsoft.AspNetCore.Mvc.Infrastructure.ObjectResultExecutor|Executing BadRequestObjectResult, writing value of type 'Microsoft.AspNetCore.Mvc.ValidationProblemDetails'.
2024-04-12 12:00:10.8165|INFO|Microsoft.AspNetCore.Mvc.Infrastructure.ControllerActionInvoker|Executed action fundoo_application.Controllers.CollaboratorController.Getbycollabid (FundooWebApp) in 1.6836ms
2024-04-12 12:00:10.8165|INFO|Microsoft.AspNetCore.Routing.EndpointMiddleware|Executed endpoint 'fundoo_application.Controllers.CollaboratorController.Getbycollabid (FundooWebApp)'
2024-04-12 12:00:10.8165|INFO|Microsoft.AspNetCore.Hosting.Diagnostics|Request finished HTTP/2 GET https://localhost:7141/api/Collaborator/{CollabId} - 400 - application/problem+json;+charset=utf-8 3.3197ms
2024-04-12 12:00:16.7749|INFO|Microsoft.AspNetCore.Hosting.Diagnostics|Request starting HTTP/2 GET https://localhost:7141/swagger/index.html - - -
2024-04-12 12:00:16.7856|INFO|Microsoft.AspNetCore.Hosting.Diagnostics|Request finished HTTP/2 GET https://localhost:7141/swagger/index.html - 200 - text/html;charset=utf-8 10.6118ms
2024-04-12 12:00:16.8247|INFO|Microsoft.AspNetCore.Hosting.Diagnostics|Request starting HTTP/2 GET https://localhost:7141/_framework/aspnetcore-browser-refresh.js - - -
2024-04-12 12:00:16.8247|INFO|Microsoft.AspNetCore.Hosting.Diagnostics|Request starting HTTP/2 GET https://localhost:7141/_vs/browserLink - - -
2024-04-12 12:00:16.8247|INFO|Microsoft.AspNetCore.Hosting.Diagnostics|Request finished HTTP/2 GET https://localhost:7141/_framework/aspnetcore-browser-refresh.js - 200 13760 application/javascript;+charset=utf-8 0.3316ms
2024-04-12 12:00:16.8247|INFO|Microsoft.AspNetCore.Hosting.Diagnostics|Request finished HTTP/2 GET https://localhost:7141/_vs/browserLink - 200 - text/javascript;+charset=UTF-8 4.9014ms
2024-04-12 12:00:16.9726|INFO|Microsoft.AspNetCore.Hosting.Diagnostics|Request starting HTTP/2 GET https://localhost:7141/swagger/v1/swagger.json - - -
2024-04-12 12:00:16.9726|INFO|Microsoft.AspNetCore.Hosting.Diagnostics|Request finished HTTP/2 GET https://localhost:7141/swagger/v1/swagger.json - 200 - application/json;charset=utf-8 5.1839ms
2024-04-12 12:00:29.8987|INFO|Microsoft.AspNetCore.Hosting.Diagnostics|Request starting HTTP/2 POST https://localhost:7141/api/Registration/Login?email=pdshashank8%40gmail.com&password=Password%40123 - - 0
2024-04-12 12:00:29.8987|INFO|Microsoft.AspNetCore.Routing.EndpointMiddleware|Executing endpoint 'fundoo_application.Controllers.RegistrationController.userLogin (FundooWebApp)'
2024-04-12 12:00:29.8987|INFO|Microsoft.AspNetCore.Mvc.Infrastructure.ControllerActionInvoker|Route matched with {action = "userLogin", controller = "Registration"}. Executing controller action with signature System.Threading.Tasks.Task`1[Microsoft.AspNetCore.Mvc.IActionResult] userLogin(System.String, System.String, Microsoft.Extensions.Configuration.IConfiguration) on controller fundoo_application.Controllers.RegistrationController (FundooWebApp).
2024-04-12 12:00:29.8987|INFO|Program|Attempting login for user with email: pdshashank8@gmail.com
2024-04-12 12:00:30.1250|INFO|Program|User login successful for user with email: pdshashank8@gmail.com
2024-04-12 12:00:30.1250|INFO|Microsoft.AspNetCore.Mvc.Infrastructure.ObjectResultExecutor|Executing OkObjectResult, writing value of type 'System.String'.
2024-04-12 12:00:30.1250|INFO|Microsoft.AspNetCore.Mvc.Infrastructure.ControllerActionInvoker|Executed action fundoo_application.Controllers.RegistrationController.userLogin (FundooWebApp) in 225.1736ms
2024-04-12 12:00:30.1250|INFO|Microsoft.AspNetCore.Routing.EndpointMiddleware|Executed endpoint 'fundoo_application.Controllers.RegistrationController.userLogin (FundooWebApp)'
2024-04-12 12:00:30.1250|INFO|Microsoft.AspNetCore.Hosting.Diagnostics|Request finished HTTP/2 POST https://localhost:7141/api/Registration/Login?email=pdshashank8%40gmail.com&password=Password%40123 - 200 - text/plain;+charset=utf-8 227.1258ms
2024-04-12 12:00:58.9848|INFO|Microsoft.AspNetCore.Hosting.Diagnostics|Request starting HTTP/2 GET https://localhost:7141/api/Collaborator/{CollabId} - - -
2024-04-12 12:00:58.9848|INFO|Microsoft.AspNetCore.Routing.EndpointMiddleware|Executing endpoint 'fundoo_application.Controllers.CollaboratorController.Getbycollabid (FundooWebApp)'
2024-04-12 12:00:58.9848|INFO|Microsoft.AspNetCore.Mvc.Infrastructure.ControllerActionInvoker|Route matched with {action = "Getbycollabid", controller = "Collaborator"}. Executing controller action with signature System.Threading.Tasks.Task`1[Microsoft.AspNetCore.Mvc.IActionResult] Getbycollabid(Int32) on controller fundoo_application.Controllers.CollaboratorController (FundooWebApp).
2024-04-12 12:00:58.9988|INFO|Microsoft.AspNetCore.Mvc.Infrastructure.ObjectResultExecutor|Executing BadRequestObjectResult, writing value of type 'Microsoft.AspNetCore.Mvc.ValidationProblemDetails'.
2024-04-12 12:00:58.9988|INFO|Microsoft.AspNetCore.Mvc.Infrastructure.ControllerActionInvoker|Executed action fundoo_application.Controllers.CollaboratorController.Getbycollabid (FundooWebApp) in 13.526ms
2024-04-12 12:00:58.9988|INFO|Microsoft.AspNetCore.Routing.EndpointMiddleware|Executed endpoint 'fundoo_application.Controllers.CollaboratorController.Getbycollabid (FundooWebApp)'
2024-04-12 12:00:58.9988|INFO|Microsoft.AspNetCore.Hosting.Diagnostics|Request finished HTTP/2 GET https://localhost:7141/api/Collaborator/{CollabId} - 400 - application/problem+json;+charset=utf-8 15.6322ms
2024-04-12 12:01:32.0316|INFO|Microsoft.AspNetCore.Hosting.Diagnostics|Request starting HTTP/2 GET https://localhost:7141/api/Collaborator/{CollabId} - - -
2024-04-12 12:01:32.0316|INFO|Microsoft.AspNetCore.Routing.EndpointMiddleware|Executing endpoint 'fundoo_application.Controllers.CollaboratorController.Getbycollabid (FundooWebApp)'
2024-04-12 12:01:32.0316|INFO|Microsoft.AspNetCore.Mvc.Infrastructure.ControllerActionInvoker|Route matched with {action = "Getbycollabid", controller = "Collaborator"}. Executing controller action with signature System.Threading.Tasks.Task`1[Microsoft.AspNetCore.Mvc.IActionResult] Getbycollabid(Int32) on controller fundoo_application.Controllers.CollaboratorController (FundooWebApp).
2024-04-12 12:01:32.0316|INFO|Microsoft.AspNetCore.Mvc.Infrastructure.ObjectResultExecutor|Executing BadRequestObjectResult, writing value of type 'Microsoft.AspNetCore.Mvc.ValidationProblemDetails'.
2024-04-12 12:01:32.0316|INFO|Microsoft.AspNetCore.Mvc.Infrastructure.ControllerActionInvoker|Executed action fundoo_application.Controllers.CollaboratorController.Getbycollabid (FundooWebApp) in 0.6195ms
2024-04-12 12:01:32.0316|INFO|Microsoft.AspNetCore.Routing.EndpointMiddleware|Executed endpoint 'fundoo_application.Controllers.CollaboratorController.Getbycollabid (FundooWebApp)'
2024-04-12 12:01:32.0316|INFO|Microsoft.AspNetCore.Hosting.Diagnostics|Request finished HTTP/2 GET https://localhost:7141/api/Collaborator/{CollabId} - 400 - application/problem+json;+charset=utf-8 2.2119ms
2024-04-12 12:01:37.3173|INFO|Microsoft.AspNetCore.Hosting.Diagnostics|Request starting HTTP/2 GET https://localhost:7141/swagger/index.html - - -
2024-04-12 12:01:37.3173|INFO|Microsoft.AspNetCore.Hosting.Diagnostics|Request finished HTTP/2 GET https://localhost:7141/swagger/index.html - 200 - text/html;charset=utf-8 7.1731ms
2024-04-12 12:01:37.3719|INFO|Microsoft.AspNetCore.Hosting.Diagnostics|Request starting HTTP/2 GET https://localhost:7141/_vs/browserLink - - -
2024-04-12 12:01:37.3719|INFO|Microsoft.AspNetCore.Hosting.Diagnostics|Request starting HTTP/2 GET https://localhost:7141/_framework/aspnetcore-browser-refresh.js - - -
2024-04-12 12:01:37.3719|INFO|Microsoft.AspNetCore.Hosting.Diagnostics|Request finished HTTP/2 GET https://localhost:7141/_framework/aspnetcore-browser-refresh.js - 200 13760 application/javascript;+charset=utf-8 0.3210ms
2024-04-12 12:01:37.3719|INFO|Microsoft.AspNetCore.Hosting.Diagnostics|Request finished HTTP/2 GET https://localhost:7141/_vs/browserLink - 200 - text/javascript;+charset=UTF-8 3.9814ms
2024-04-12 12:01:37.5212|INFO|Microsoft.AspNetCore.Hosting.Diagnostics|Request starting HTTP/2 GET https://localhost:7141/swagger/v1/swagger.json - - -
2024-04-12 12:01:37.5212|INFO|Microsoft.AspNetCore.Hosting.Diagnostics|Request finished HTTP/2 GET https://localhost:7141/swagger/v1/swagger.json - 200 - application/json;charset=utf-8 10.1148ms
2024-04-12 12:01:50.3699|INFO|Microsoft.AspNetCore.Hosting.Diagnostics|Request starting HTTP/2 POST https://localhost:7141/api/Registration/Login?email=pdshashank8%40gmail.com&password=Password%40123 - - 0
2024-04-12 12:01:50.3699|INFO|Microsoft.AspNetCore.Routing.EndpointMiddleware|Executing endpoint 'fundoo_application.Controllers.RegistrationController.userLogin (FundooWebApp)'
2024-04-12 12:01:50.3699|INFO|Microsoft.AspNetCore.Mvc.Infrastructure.ControllerActionInvoker|Route matched with {action = "userLogin", controller = "Registration"}. Executing controller action with signature System.Threading.Tasks.Task`1[Microsoft.AspNetCore.Mvc.IActionResult] userLogin(System.String, System.String, Microsoft.Extensions.Configuration.IConfiguration) on controller fundoo_application.Controllers.RegistrationController (FundooWebApp).
2024-04-12 12:01:50.3699|INFO|Program|Attempting login for user with email: pdshashank8@gmail.com
2024-04-12 12:01:50.4215|INFO|Program|User login successful for user with email: pdshashank8@gmail.com
2024-04-12 12:01:50.4215|INFO|Microsoft.AspNetCore.Mvc.Infrastructure.ObjectResultExecutor|Executing OkObjectResult, writing value of type 'System.String'.
2024-04-12 12:01:50.4215|INFO|Microsoft.AspNetCore.Mvc.Infrastructure.ControllerActionInvoker|Executed action fundoo_application.Controllers.RegistrationController.userLogin (FundooWebApp) in 51.351ms
2024-04-12 12:01:50.4215|INFO|Microsoft.AspNetCore.Routing.EndpointMiddleware|Executed endpoint 'fundoo_application.Controllers.RegistrationController.userLogin (FundooWebApp)'
2024-04-12 12:01:50.4215|INFO|Microsoft.AspNetCore.Hosting.Diagnostics|Request finished HTTP/2 POST https://localhost:7141/api/Registration/Login?email=pdshashank8%40gmail.com&password=Password%40123 - 200 - text/plain;+charset=utf-8 52.5005ms
2024-04-12 12:02:20.1260|INFO|Microsoft.AspNetCore.Hosting.Diagnostics|Request starting HTTP/2 GET https://localhost:7141/api/Collaborator/{CollabId} - - -
2024-04-12 12:02:20.1260|INFO|Microsoft.AspNetCore.Routing.EndpointMiddleware|Executing endpoint 'fundoo_application.Controllers.CollaboratorController.Getbycollabid (FundooWebApp)'
2024-04-12 12:02:20.1260|INFO|Microsoft.AspNetCore.Mvc.Infrastructure.ControllerActionInvoker|Route matched with {action = "Getbycollabid", controller = "Collaborator"}. Executing controller action with signature System.Threading.Tasks.Task`1[Microsoft.AspNetCore.Mvc.IActionResult] Getbycollabid(Int32) on controller fundoo_application.Controllers.CollaboratorController (FundooWebApp).
2024-04-12 12:02:20.1260|INFO|Microsoft.AspNetCore.Mvc.Infrastructure.ObjectResultExecutor|Executing BadRequestObjectResult, writing value of type 'Microsoft.AspNetCore.Mvc.ValidationProblemDetails'.
2024-04-12 12:02:20.1287|INFO|Microsoft.AspNetCore.Mvc.Infrastructure.ControllerActionInvoker|Executed action fundoo_application.Controllers.CollaboratorController.Getbycollabid (FundooWebApp) in 1.1428ms
2024-04-12 12:02:20.1287|INFO|Microsoft.AspNetCore.Routing.EndpointMiddleware|Executed endpoint 'fundoo_application.Controllers.CollaboratorController.Getbycollabid (FundooWebApp)'
2024-04-12 12:02:20.1287|INFO|Microsoft.AspNetCore.Hosting.Diagnostics|Request finished HTTP/2 GET https://localhost:7141/api/Collaborator/{CollabId} - 400 - application/problem+json;+charset=utf-8 2.9572ms
2024-04-12 12:07:29.3725|INFO|Microsoft.AspNetCore.Hosting.Diagnostics|Request starting HTTP/2 GET https://localhost:7141/api/Collaborator/{CollabId} - - -
2024-04-12 12:07:29.3725|INFO|Microsoft.AspNetCore.Routing.EndpointMiddleware|Executing endpoint 'fundoo_application.Controllers.CollaboratorController.Getbycollabid (FundooWebApp)'
2024-04-12 12:07:29.3725|INFO|Microsoft.AspNetCore.Mvc.Infrastructure.ControllerActionInvoker|Route matched with {action = "Getbycollabid", controller = "Collaborator"}. Executing controller action with signature System.Threading.Tasks.Task`1[Microsoft.AspNetCore.Mvc.IActionResult] Getbycollabid(Int32) on controller fundoo_application.Controllers.CollaboratorController (FundooWebApp).
2024-04-12 12:07:29.3725|INFO|Microsoft.AspNetCore.Mvc.Infrastructure.ObjectResultExecutor|Executing BadRequestObjectResult, writing value of type 'Microsoft.AspNetCore.Mvc.ValidationProblemDetails'.
2024-04-12 12:07:29.3725|INFO|Microsoft.AspNetCore.Mvc.Infrastructure.ControllerActionInvoker|Executed action fundoo_application.Controllers.CollaboratorController.Getbycollabid (FundooWebApp) in 0.8989ms
2024-04-12 12:07:29.3725|INFO|Microsoft.AspNetCore.Routing.EndpointMiddleware|Executed endpoint 'fundoo_application.Controllers.CollaboratorController.Getbycollabid (FundooWebApp)'
2024-04-12 12:07:29.3725|INFO|Microsoft.AspNetCore.Hosting.Diagnostics|Request finished HTTP/2 GET https://localhost:7141/api/Collaborator/{CollabId} - 400 - application/problem+json;+charset=utf-8 3.1421ms
2024-04-12 12:16:41.4289|INFO|Microsoft.AspNetCore.DataProtection.KeyManagement.XmlKeyManager|User profile is available. Using 'C:\Users\SHASHANK\AppData\Local\ASP.NET\DataProtection-Keys' as key repository and Windows DPAPI to encrypt keys at rest.
2024-04-12 12:16:41.5941|INFO|Microsoft.Hosting.Lifetime|Now listening on: https://localhost:7141
2024-04-12 12:16:41.5941|INFO|Microsoft.Hosting.Lifetime|Now listening on: http://localhost:5208
2024-04-12 12:16:41.5941|INFO|Microsoft.Hosting.Lifetime|Application started. Press Ctrl+C to shut down.
2024-04-12 12:16:41.5941|INFO|Microsoft.Hosting.Lifetime|Hosting environment: Development
2024-04-12 12:16:41.5941|INFO|Microsoft.Hosting.Lifetime|Content root path: C:\Users\SHASHANK\source\repos\FundooApplication\fundoo application
2024-04-12 12:16:42.1385|INFO|Microsoft.AspNetCore.Hosting.Diagnostics|Request starting HTTP/2 GET https://localhost:7141/swagger/index.html - - -
2024-04-12 12:16:42.6511|INFO|Microsoft.AspNetCore.Hosting.Diagnostics|Request finished HTTP/2 GET https://localhost:7141/swagger/index.html - 200 - text/html;charset=utf-8 510.5564ms
2024-04-12 12:16:42.6779|INFO|Microsoft.AspNetCore.Hosting.Diagnostics|Request starting HTTP/2 GET https://localhost:7141/_vs/browserLink - - -
2024-04-12 12:16:42.6779|INFO|Microsoft.AspNetCore.Hosting.Diagnostics|Request starting HTTP/2 GET https://localhost:7141/_framework/aspnetcore-browser-refresh.js - - -
2024-04-12 12:16:42.6779|INFO|Microsoft.AspNetCore.Hosting.Diagnostics|Request finished HTTP/2 GET https://localhost:7141/_framework/aspnetcore-browser-refresh.js - 200 13760 application/javascript;+charset=utf-8 6.0944ms
2024-04-12 12:16:42.7465|INFO|Microsoft.AspNetCore.Hosting.Diagnostics|Request finished HTTP/2 GET https://localhost:7141/_vs/browserLink - 200 - text/javascript;+charset=UTF-8 68.4648ms
2024-04-12 12:16:42.8593|INFO|Microsoft.AspNetCore.Hosting.Diagnostics|Request starting HTTP/2 GET https://localhost:7141/swagger/v1/swagger.json - - -
2024-04-12 12:16:43.0581|INFO|Microsoft.AspNetCore.Hosting.Diagnostics|Request finished HTTP/2 GET https://localhost:7141/swagger/v1/swagger.json - 200 - application/json;charset=utf-8 198.7317ms
2024-04-12 12:16:59.0113|INFO|Microsoft.AspNetCore.Hosting.Diagnostics|Request starting HTTP/2 POST https://localhost:7141/api/Registration/Login?email=pdshashank8%40gmail.com&password=Password%40123 - - 0
2024-04-12 12:16:59.0235|INFO|Microsoft.AspNetCore.Routing.EndpointMiddleware|Executing endpoint 'fundoo_application.Controllers.RegistrationController.userLogin (FundooWebApp)'
2024-04-12 12:16:59.0490|INFO|Microsoft.AspNetCore.Mvc.Infrastructure.ControllerActionInvoker|Route matched with {action = "userLogin", controller = "Registration"}. Executing controller action with signature System.Threading.Tasks.Task`1[Microsoft.AspNetCore.Mvc.IActionResult] userLogin(System.String, System.String, Microsoft.Extensions.Configuration.IConfiguration) on controller fundoo_application.Controllers.RegistrationController (FundooWebApp).
2024-04-12 12:16:59.0800|INFO|Program|Attempting login for user with email: pdshashank8@gmail.com
2024-04-12 12:16:59.4724|INFO|Program|User login successful for user with email: pdshashank8@gmail.com
2024-04-12 12:16:59.5218|INFO|Microsoft.AspNetCore.Mvc.Infrastructure.ObjectResultExecutor|Executing OkObjectResult, writing value of type 'System.String'.
2024-04-12 12:16:59.5218|INFO|Microsoft.AspNetCore.Mvc.Infrastructure.ControllerActionInvoker|Executed action fundoo_application.Controllers.RegistrationController.userLogin (FundooWebApp) in 473.62ms
2024-04-12 12:16:59.5218|INFO|Microsoft.AspNetCore.Routing.EndpointMiddleware|Executed endpoint 'fundoo_application.Controllers.RegistrationController.userLogin (FundooWebApp)'
2024-04-12 12:16:59.5218|INFO|Microsoft.AspNetCore.Hosting.Diagnostics|Request finished HTTP/2 POST https://localhost:7141/api/Registration/Login?email=pdshashank8%40gmail.com&password=Password%40123 - 200 - text/plain;+charset=utf-8 520.5282ms
2024-04-12 12:17:33.7699|INFO|Microsoft.AspNetCore.Hosting.Diagnostics|Request starting HTTP/2 GET https://localhost:7141/api/Collaborator/{CollabId} - - -
2024-04-12 12:17:33.8611|INFO|Microsoft.AspNetCore.Routing.EndpointMiddleware|Executing endpoint 'fundoo_application.Controllers.CollaboratorController.Getbycollabid (FundooWebApp)'
2024-04-12 12:17:33.8775|INFO|Microsoft.AspNetCore.Mvc.Infrastructure.ControllerActionInvoker|Route matched with {action = "Getbycollabid", controller = "Collaborator"}. Executing controller action with signature System.Threading.Tasks.Task`1[Microsoft.AspNetCore.Mvc.IActionResult] Getbycollabid(Int32) on controller fundoo_application.Controllers.CollaboratorController (FundooWebApp).
2024-04-12 12:17:33.8903|INFO|Microsoft.AspNetCore.Mvc.Infrastructure.ObjectResultExecutor|Executing BadRequestObjectResult, writing value of type 'Microsoft.AspNetCore.Mvc.ValidationProblemDetails'.
2024-04-12 12:17:33.9307|INFO|Microsoft.AspNetCore.Mvc.Infrastructure.ControllerActionInvoker|Executed action fundoo_application.Controllers.CollaboratorController.Getbycollabid (FundooWebApp) in 52.7651ms
2024-04-12 12:17:33.9307|INFO|Microsoft.AspNetCore.Routing.EndpointMiddleware|Executed endpoint 'fundoo_application.Controllers.CollaboratorController.Getbycollabid (FundooWebApp)'
2024-04-12 12:17:33.9307|INFO|Microsoft.AspNetCore.Hosting.Diagnostics|Request finished HTTP/2 GET https://localhost:7141/api/Collaborator/{CollabId} - 400 - application/problem+json;+charset=utf-8 161.1719ms
2024-04-12 12:22:11.8864|INFO|Microsoft.AspNetCore.DataProtection.KeyManagement.XmlKeyManager|User profile is available. Using 'C:\Users\SHASHANK\AppData\Local\ASP.NET\DataProtection-Keys' as key repository and Windows DPAPI to encrypt keys at rest.
2024-04-12 12:22:12.0712|INFO|Microsoft.Hosting.Lifetime|Now listening on: https://localhost:7141
2024-04-12 12:22:12.0712|INFO|Microsoft.Hosting.Lifetime|Now listening on: http://localhost:5208
2024-04-12 12:22:12.0712|INFO|Microsoft.Hosting.Lifetime|Application started. Press Ctrl+C to shut down.
2024-04-12 12:22:12.0712|INFO|Microsoft.Hosting.Lifetime|Hosting environment: Development
2024-04-12 12:22:12.0712|INFO|Microsoft.Hosting.Lifetime|Content root path: C:\Users\SHASHANK\source\repos\FundooApplication\fundoo application
2024-04-12 12:22:12.9161|INFO|Microsoft.AspNetCore.Hosting.Diagnostics|Request starting HTTP/2 GET https://localhost:7141/swagger/index.html - - -
2024-04-12 12:22:13.3271|INFO|Microsoft.AspNetCore.Hosting.Diagnostics|Request finished HTTP/2 GET https://localhost:7141/swagger/index.html - 200 - text/html;charset=utf-8 411.4519ms
2024-04-12 12:22:13.3571|INFO|Microsoft.AspNetCore.Hosting.Diagnostics|Request starting HTTP/2 GET https://localhost:7141/_vs/browserLink - - -
2024-04-12 12:22:13.3571|INFO|Microsoft.AspNetCore.Hosting.Diagnostics|Request starting HTTP/2 GET https://localhost:7141/_framework/aspnetcore-browser-refresh.js - - -
2024-04-12 12:22:13.3632|INFO|Microsoft.AspNetCore.Hosting.Diagnostics|Request finished HTTP/2 GET https://localhost:7141/_framework/aspnetcore-browser-refresh.js - 200 13760 application/javascript;+charset=utf-8 5.9634ms
2024-04-12 12:22:13.4089|INFO|Microsoft.AspNetCore.Hosting.Diagnostics|Request finished HTTP/2 GET https://localhost:7141/_vs/browserLink - 200 - text/javascript;+charset=UTF-8 51.7881ms
2024-04-12 12:22:13.4949|INFO|Microsoft.AspNetCore.Hosting.Diagnostics|Request starting HTTP/2 GET https://localhost:7141/swagger/v1/swagger.json - - -
2024-04-12 12:22:13.6057|INFO|Microsoft.AspNetCore.Hosting.Diagnostics|Request finished HTTP/2 GET https://localhost:7141/swagger/v1/swagger.json - 200 - application/json;charset=utf-8 110.6763ms
2024-04-12 12:22:22.4396|INFO|Microsoft.AspNetCore.Hosting.Diagnostics|Request starting HTTP/2 GET https://localhost:7141/api/Collaborator/{CollabId} - - -
2024-04-12 12:22:22.4526|INFO|Microsoft.AspNetCore.Routing.EndpointMiddleware|Executing endpoint 'fundoo_application.Controllers.CollaboratorController.Getbycollabid (FundooWebApp)'
2024-04-12 12:22:22.4733|INFO|Microsoft.AspNetCore.Mvc.Infrastructure.ControllerActionInvoker|Route matched with {action = "Getbycollabid", controller = "Collaborator"}. Executing controller action with signature System.Threading.Tasks.Task`1[Microsoft.AspNetCore.Mvc.IActionResult] Getbycollabid(Int32) on controller fundoo_application.Controllers.CollaboratorController (FundooWebApp).
2024-04-12 12:22:22.4892|INFO|Microsoft.AspNetCore.Mvc.Infrastructure.ObjectResultExecutor|Executing BadRequestObjectResult, writing value of type 'Microsoft.AspNetCore.Mvc.ValidationProblemDetails'.
2024-04-12 12:22:22.5129|INFO|Microsoft.AspNetCore.Mvc.Infrastructure.ControllerActionInvoker|Executed action fundoo_application.Controllers.CollaboratorController.Getbycollabid (FundooWebApp) in 33.1291ms
2024-04-12 12:22:22.5129|INFO|Microsoft.AspNetCore.Routing.EndpointMiddleware|Executed endpoint 'fundoo_application.Controllers.CollaboratorController.Getbycollabid (FundooWebApp)'
2024-04-12 12:22:22.5129|INFO|Microsoft.AspNetCore.Hosting.Diagnostics|Request finished HTTP/2 GET https://localhost:7141/api/Collaborator/{CollabId} - 400 - application/problem+json;+charset=utf-8 73.6904ms
2024-04-12 12:22:34.1739|INFO|Microsoft.AspNetCore.Hosting.Diagnostics|Request starting HTTP/2 GET https://localhost:7141/swagger/index.html - - -
2024-04-12 12:22:34.1844|INFO|Microsoft.AspNetCore.Hosting.Diagnostics|Request finished HTTP/2 GET https://localhost:7141/swagger/index.html - 200 - text/html;charset=utf-8 10.0502ms
2024-04-12 12:22:34.2238|INFO|Microsoft.AspNetCore.Hosting.Diagnostics|Request starting HTTP/2 GET https://localhost:7141/_framework/aspnetcore-browser-refresh.js - - -
2024-04-12 12:22:34.2238|INFO|Microsoft.AspNetCore.Hosting.Diagnostics|Request starting HTTP/2 GET https://localhost:7141/_vs/browserLink - - -
2024-04-12 12:22:34.2238|INFO|Microsoft.AspNetCore.Hosting.Diagnostics|Request finished HTTP/2 GET https://localhost:7141/_framework/aspnetcore-browser-refresh.js - 200 13760 application/javascript;+charset=utf-8 0.6355ms
2024-04-12 12:22:34.2395|INFO|Microsoft.AspNetCore.Hosting.Diagnostics|Request finished HTTP/2 GET https://localhost:7141/_vs/browserLink - 200 - text/javascript;+charset=UTF-8 15.5490ms
2024-04-12 12:22:34.2977|INFO|Microsoft.AspNetCore.Hosting.Diagnostics|Request starting HTTP/2 GET https://localhost:7141/swagger/v1/swagger.json - - -
2024-04-12 12:22:34.3180|INFO|Microsoft.AspNetCore.Hosting.Diagnostics|Request finished HTTP/2 GET https://localhost:7141/swagger/v1/swagger.json - 200 - application/json;charset=utf-8 20.0039ms
2024-04-12 12:22:43.1884|INFO|Microsoft.AspNetCore.Hosting.Diagnostics|Request starting HTTP/2 GET https://localhost:7141/api/Collaborator/{CollabId} - - -
2024-04-12 12:22:43.1917|INFO|Microsoft.AspNetCore.Routing.EndpointMiddleware|Executing endpoint 'fundoo_application.Controllers.CollaboratorController.Getbycollabid (FundooWebApp)'
2024-04-12 12:22:43.1917|INFO|Microsoft.AspNetCore.Mvc.Infrastructure.ControllerActionInvoker|Route matched with {action = "Getbycollabid", controller = "Collaborator"}. Executing controller action with signature System.Threading.Tasks.Task`1[Microsoft.AspNetCore.Mvc.IActionResult] Getbycollabid(Int32) on controller fundoo_application.Controllers.CollaboratorController (FundooWebApp).
2024-04-12 12:22:43.1917|INFO|Microsoft.AspNetCore.Mvc.Infrastructure.ObjectResultExecutor|Executing BadRequestObjectResult, writing value of type 'Microsoft.AspNetCore.Mvc.ValidationProblemDetails'.
2024-04-12 12:22:43.1917|INFO|Microsoft.AspNetCore.Mvc.Infrastructure.ControllerActionInvoker|Executed action fundoo_application.Controllers.CollaboratorController.Getbycollabid (FundooWebApp) in 3.2232ms
2024-04-12 12:22:43.1917|INFO|Microsoft.AspNetCore.Routing.EndpointMiddleware|Executed endpoint 'fundoo_application.Controllers.CollaboratorController.Getbycollabid (FundooWebApp)'
2024-04-12 12:22:43.1917|INFO|Microsoft.AspNetCore.Hosting.Diagnostics|Request finished HTTP/2 GET https://localhost:7141/api/Collaborator/{CollabId} - 400 - application/problem+json;+charset=utf-8 7.3250ms
2024-04-12 12:22:50.1159|INFO|Microsoft.AspNetCore.Hosting.Diagnostics|Request starting HTTP/2 GET https://localhost:7141/swagger/index.html - - -
2024-04-12 12:22:50.1159|INFO|Microsoft.AspNetCore.Hosting.Diagnostics|Request finished HTTP/2 GET https://localhost:7141/swagger/index.html - 200 - text/html;charset=utf-8 6.1351ms
2024-04-12 12:22:50.1616|INFO|Microsoft.AspNetCore.Hosting.Diagnostics|Request starting HTTP/2 GET https://localhost:7141/_framework/aspnetcore-browser-refresh.js - - -
2024-04-12 12:22:50.1616|INFO|Microsoft.AspNetCore.Hosting.Diagnostics|Request starting HTTP/2 GET https://localhost:7141/_vs/browserLink - - -
2024-04-12 12:22:50.1616|INFO|Microsoft.AspNetCore.Hosting.Diagnostics|Request finished HTTP/2 GET https://localhost:7141/_framework/aspnetcore-browser-refresh.js - 200 13760 application/javascript;+charset=utf-8 0.5211ms
2024-04-12 12:22:50.1616|INFO|Microsoft.AspNetCore.Hosting.Diagnostics|Request finished HTTP/2 GET https://localhost:7141/_vs/browserLink - 200 - text/javascript;+charset=UTF-8 9.3734ms
2024-04-12 12:22:50.2315|INFO|Microsoft.AspNetCore.Hosting.Diagnostics|Request starting HTTP/2 GET https://localhost:7141/swagger/v1/swagger.json - - -
2024-04-12 12:22:50.2509|INFO|Microsoft.AspNetCore.Hosting.Diagnostics|Request finished HTTP/2 GET https://localhost:7141/swagger/v1/swagger.json - 200 - application/json;charset=utf-8 19.2483ms
2024-04-12 12:22:59.6588|INFO|Microsoft.AspNetCore.Hosting.Diagnostics|Request starting HTTP/2 GET https://localhost:7141/api/Collaborator/{CollabId} - - -
2024-04-12 12:22:59.6598|INFO|Microsoft.AspNetCore.Routing.EndpointMiddleware|Executing endpoint 'fundoo_application.Controllers.CollaboratorController.Getbycollabid (FundooWebApp)'
2024-04-12 12:22:59.6598|INFO|Microsoft.AspNetCore.Mvc.Infrastructure.ControllerActionInvoker|Route matched with {action = "Getbycollabid", controller = "Collaborator"}. Executing controller action with signature System.Threading.Tasks.Task`1[Microsoft.AspNetCore.Mvc.IActionResult] Getbycollabid(Int32) on controller fundoo_application.Controllers.CollaboratorController (FundooWebApp).
2024-04-12 12:22:59.6598|INFO|Microsoft.AspNetCore.Mvc.Infrastructure.ObjectResultExecutor|Executing BadRequestObjectResult, writing value of type 'Microsoft.AspNetCore.Mvc.ValidationProblemDetails'.
2024-04-12 12:22:59.6598|INFO|Microsoft.AspNetCore.Mvc.Infrastructure.ControllerActionInvoker|Executed action fundoo_application.Controllers.CollaboratorController.Getbycollabid (FundooWebApp) in 3.3516ms
2024-04-12 12:22:59.6598|INFO|Microsoft.AspNetCore.Routing.EndpointMiddleware|Executed endpoint 'fundoo_application.Controllers.CollaboratorController.Getbycollabid (FundooWebApp)'
2024-04-12 12:22:59.6598|INFO|Microsoft.AspNetCore.Hosting.Diagnostics|Request finished HTTP/2 GET https://localhost:7141/api/Collaborator/{CollabId} - 400 - application/problem+json;+charset=utf-8 5.0116ms
2024-04-12 12:24:31.5939|INFO|Microsoft.AspNetCore.DataProtection.KeyManagement.XmlKeyManager|User profile is available. Using 'C:\Users\SHASHANK\AppData\Local\ASP.NET\DataProtection-Keys' as key repository and Windows DPAPI to encrypt keys at rest.
2024-04-12 12:24:31.7550|INFO|Microsoft.Hosting.Lifetime|Now listening on: https://localhost:7141
2024-04-12 12:24:31.7550|INFO|Microsoft.Hosting.Lifetime|Now listening on: http://localhost:5208
2024-04-12 12:24:31.7550|INFO|Microsoft.Hosting.Lifetime|Application started. Press Ctrl+C to shut down.
2024-04-12 12:24:31.7550|INFO|Microsoft.Hosting.Lifetime|Hosting environment: Development
2024-04-12 12:24:31.7550|INFO|Microsoft.Hosting.Lifetime|Content root path: C:\Users\SHASHANK\source\repos\FundooApplication\fundoo application
2024-04-12 12:24:32.2275|INFO|Microsoft.AspNetCore.Hosting.Diagnostics|Request starting HTTP/2 GET https://localhost:7141/swagger/index.html - - -
2024-04-12 12:24:32.4591|INFO|Microsoft.AspNetCore.Hosting.Diagnostics|Request finished HTTP/2 GET https://localhost:7141/swagger/index.html - 200 - text/html;charset=utf-8 231.7318ms
2024-04-12 12:24:32.5146|INFO|Microsoft.AspNetCore.Hosting.Diagnostics|Request starting HTTP/2 GET https://localhost:7141/_framework/aspnetcore-browser-refresh.js - - -
2024-04-12 12:24:32.5146|INFO|Microsoft.AspNetCore.Hosting.Diagnostics|Request starting HTTP/2 GET https://localhost:7141/_vs/browserLink - - -
2024-04-12 12:24:32.5183|INFO|Microsoft.AspNetCore.Hosting.Diagnostics|Request finished HTTP/2 GET https://localhost:7141/_framework/aspnetcore-browser-refresh.js - 200 13760 application/javascript;+charset=utf-8 3.4933ms
2024-04-12 12:24:32.5453|INFO|Microsoft.AspNetCore.Hosting.Diagnostics|Request finished HTTP/2 GET https://localhost:7141/_vs/browserLink - 200 - text/javascript;+charset=UTF-8 30.6503ms
2024-04-12 12:24:32.6295|INFO|Microsoft.AspNetCore.Hosting.Diagnostics|Request starting HTTP/2 GET https://localhost:7141/swagger/v1/swagger.json - - -
2024-04-12 12:24:32.7241|INFO|Microsoft.AspNetCore.Hosting.Diagnostics|Request finished HTTP/2 GET https://localhost:7141/swagger/v1/swagger.json - 200 - application/json;charset=utf-8 94.5148ms
2024-04-12 12:24:53.1004|INFO|Microsoft.AspNetCore.DataProtection.KeyManagement.XmlKeyManager|User profile is available. Using 'C:\Users\SHASHANK\AppData\Local\ASP.NET\DataProtection-Keys' as key repository and Windows DPAPI to encrypt keys at rest.
2024-04-12 12:24:53.2401|INFO|Microsoft.Hosting.Lifetime|Now listening on: https://localhost:7141
2024-04-12 12:24:53.2401|INFO|Microsoft.Hosting.Lifetime|Now listening on: http://localhost:5208
2024-04-12 12:24:53.2401|INFO|Microsoft.Hosting.Lifetime|Application started. Press Ctrl+C to shut down.
2024-04-12 12:24:53.2401|INFO|Microsoft.Hosting.Lifetime|Hosting environment: Development
2024-04-12 12:24:53.2401|INFO|Microsoft.Hosting.Lifetime|Content root path: C:\Users\SHASHANK\source\repos\FundooApplication\fundoo application
2024-04-12 12:24:53.7643|INFO|Microsoft.AspNetCore.Hosting.Diagnostics|Request starting HTTP/2 GET https://localhost:7141/swagger/index.html - - -
2024-04-12 12:24:54.2103|INFO|Microsoft.AspNetCore.Hosting.Diagnostics|Request finished HTTP/2 GET https://localhost:7141/swagger/index.html - 200 - text/html;charset=utf-8 449.6928ms
2024-04-12 12:24:54.2347|INFO|Microsoft.AspNetCore.Hosting.Diagnostics|Request starting HTTP/2 GET https://localhost:7141/_vs/browserLink - - -
2024-04-12 12:24:54.2347|INFO|Microsoft.AspNetCore.Hosting.Diagnostics|Request starting HTTP/2 GET https://localhost:7141/_framework/aspnetcore-browser-refresh.js - - -
2024-04-12 12:24:54.2420|INFO|Microsoft.AspNetCore.Hosting.Diagnostics|Request finished HTTP/2 GET https://localhost:7141/_framework/aspnetcore-browser-refresh.js - 200 13760 application/javascript;+charset=utf-8 7.0398ms
2024-04-12 12:24:54.2912|INFO|Microsoft.AspNetCore.Hosting.Diagnostics|Request finished HTTP/2 GET https://localhost:7141/_vs/browserLink - 200 - text/javascript;+charset=UTF-8 56.4463ms
2024-04-12 12:24:54.4023|INFO|Microsoft.AspNetCore.Hosting.Diagnostics|Request starting HTTP/2 GET https://localhost:7141/swagger/v1/swagger.json - - -
2024-04-12 12:24:54.5821|INFO|Microsoft.AspNetCore.Hosting.Diagnostics|Request finished HTTP/2 GET https://localhost:7141/swagger/v1/swagger.json - 200 - application/json;charset=utf-8 179.5625ms
2024-04-12 12:25:01.5525|INFO|Microsoft.AspNetCore.Hosting.Diagnostics|Request starting HTTP/2 GET https://localhost:7141/api/Collaborator/2 - - -
2024-04-12 12:25:01.5525|INFO|Microsoft.AspNetCore.Routing.EndpointMiddleware|Executing endpoint 'fundoo_application.Controllers.CollaboratorController.Getbycollabid (FundooWebApp)'
2024-04-12 12:25:01.5811|INFO|Microsoft.AspNetCore.Mvc.Infrastructure.ControllerActionInvoker|Route matched with {action = "Getbycollabid", controller = "Collaborator"}. Executing controller action with signature System.Threading.Tasks.Task`1[Microsoft.AspNetCore.Mvc.IActionResult] Getbycollabid(Int32) on controller fundoo_application.Controllers.CollaboratorController (FundooWebApp).
2024-04-12 12:25:02.0318|INFO|Microsoft.AspNetCore.Mvc.Infrastructure.ObjectResultExecutor|Executing OkObjectResult, writing value of type 'System.Collections.Generic.List`1[[System.Object, System.Private.CoreLib, Version=8.0.0.0, Culture=neutral, PublicKeyToken=7cec85d7bea7798e]]'.
2024-04-12 12:25:02.0633|INFO|Microsoft.AspNetCore.Mvc.Infrastructure.ControllerActionInvoker|Executed action fundoo_application.Controllers.CollaboratorController.Getbycollabid (FundooWebApp) in 474.8573ms
2024-04-12 12:25:02.0633|INFO|Microsoft.AspNetCore.Routing.EndpointMiddleware|Executed endpoint 'fundoo_application.Controllers.CollaboratorController.Getbycollabid (FundooWebApp)'
2024-04-12 12:25:02.0633|INFO|Microsoft.AspNetCore.Hosting.Diagnostics|Request finished HTTP/2 GET https://localhost:7141/api/Collaborator/2 - 200 - application/json;+charset=utf-8 511.9828ms
2024-04-12 12:28:25.4492|INFO|Microsoft.AspNetCore.Hosting.Diagnostics|Request starting HTTP/2 GET https://localhost:7141/swagger/index.html - - -
2024-04-12 12:28:25.4604|INFO|Microsoft.AspNetCore.Hosting.Diagnostics|Request finished HTTP/2 GET https://localhost:7141/swagger/index.html - 200 - text/html;charset=utf-8 11.0391ms
2024-04-12 12:28:25.5119|INFO|Microsoft.AspNetCore.Hosting.Diagnostics|Request starting HTTP/2 GET https://localhost:7141/_framework/aspnetcore-browser-refresh.js - - -
2024-04-12 12:28:25.5119|INFO|Microsoft.AspNetCore.Hosting.Diagnostics|Request starting HTTP/2 GET https://localhost:7141/_vs/browserLink - - -
2024-04-12 12:28:25.5119|INFO|Microsoft.AspNetCore.Hosting.Diagnostics|Request finished HTTP/2 GET https://localhost:7141/_framework/aspnetcore-browser-refresh.js - 200 13760 application/javascript;+charset=utf-8 1.1389ms
2024-04-12 12:28:25.5316|INFO|Microsoft.AspNetCore.Hosting.Diagnostics|Request finished HTTP/2 GET https://localhost:7141/_vs/browserLink - 200 - text/javascript;+charset=UTF-8 19.7064ms
2024-04-12 12:28:25.6988|INFO|Microsoft.AspNetCore.Hosting.Diagnostics|Request starting HTTP/2 GET https://localhost:7141/swagger/v1/swagger.json - - -
2024-04-12 12:28:25.7148|INFO|Microsoft.AspNetCore.Hosting.Diagnostics|Request finished HTTP/2 GET https://localhost:7141/swagger/v1/swagger.json - 200 - application/json;charset=utf-8 15.8671ms
2024-04-12 12:28:36.5281|INFO|Microsoft.AspNetCore.Hosting.Diagnostics|Request starting HTTP/2 GET https://localhost:7141/api/Collaborator/2 - - -
2024-04-12 12:28:36.5281|INFO|Microsoft.AspNetCore.Routing.EndpointMiddleware|Executing endpoint 'fundoo_application.Controllers.CollaboratorController.Getbycollabid (FundooWebApp)'
2024-04-12 12:28:36.5281|INFO|Microsoft.AspNetCore.Mvc.Infrastructure.ControllerActionInvoker|Route matched with {action = "Getbycollabid", controller = "Collaborator"}. Executing controller action with signature System.Threading.Tasks.Task`1[Microsoft.AspNetCore.Mvc.IActionResult] Getbycollabid(Int32) on controller fundoo_application.Controllers.CollaboratorController (FundooWebApp).
2024-04-12 12:28:36.5439|INFO|Microsoft.AspNetCore.Mvc.Infrastructure.ObjectResultExecutor|Executing OkObjectResult, writing value of type 'System.Collections.Generic.List`1[[System.Object, System.Private.CoreLib, Version=8.0.0.0, Culture=neutral, PublicKeyToken=7cec85d7bea7798e]]'.
2024-04-12 12:28:36.5439|INFO|Microsoft.AspNetCore.Mvc.Infrastructure.ControllerActionInvoker|Executed action fundoo_application.Controllers.CollaboratorController.Getbycollabid (FundooWebApp) in 13.0159ms
2024-04-12 12:28:36.5439|INFO|Microsoft.AspNetCore.Routing.EndpointMiddleware|Executed endpoint 'fundoo_application.Controllers.CollaboratorController.Getbycollabid (FundooWebApp)'
2024-04-12 12:28:36.5439|INFO|Microsoft.AspNetCore.Hosting.Diagnostics|Request finished HTTP/2 GET https://localhost:7141/api/Collaborator/2 - 200 - application/json;+charset=utf-8 17.0328ms
2024-04-12 12:29:23.9787|INFO|Microsoft.AspNetCore.Hosting.Diagnostics|Request starting HTTP/2 GET https://localhost:7141/api/Notes/1?id=1 - - -
2024-04-12 12:29:23.9787|INFO|Microsoft.AspNetCore.Routing.EndpointMiddleware|Executing endpoint 'fundoo_application.Controllers.NotesController.GetNotesById (FundooWebApp)'
2024-04-12 12:29:23.9917|INFO|Microsoft.AspNetCore.Mvc.Infrastructure.ControllerActionInvoker|Route matched with {action = "GetNotesById", controller = "Notes"}. Executing controller action with signature System.Threading.Tasks.Task`1[Microsoft.AspNetCore.Mvc.IActionResult] GetNotesById(Int32) on controller fundoo_application.Controllers.NotesController (FundooWebApp).
2024-04-12 12:29:24.0520|INFO|Microsoft.AspNetCore.Mvc.Infrastructure.ObjectResultExecutor|Executing OkObjectResult, writing value of type 'ModelLayer.Entity.Notes'.
2024-04-12 12:29:24.0520|INFO|Microsoft.AspNetCore.Mvc.Infrastructure.ControllerActionInvoker|Executed action fundoo_application.Controllers.NotesController.GetNotesById (FundooWebApp) in 70.5568ms
2024-04-12 12:29:24.0520|INFO|Microsoft.AspNetCore.Routing.EndpointMiddleware|Executed endpoint 'fundoo_application.Controllers.NotesController.GetNotesById (FundooWebApp)'
2024-04-12 12:29:24.0520|INFO|Microsoft.AspNetCore.Hosting.Diagnostics|Request finished HTTP/2 GET https://localhost:7141/api/Notes/1?id=1 - 200 - application/json;+charset=utf-8 84.0931ms
2024-04-12 12:29:50.7444|INFO|Microsoft.AspNetCore.Hosting.Diagnostics|Request starting HTTP/2 GET https://localhost:7141/api/Label/1?userid=1 - - -
2024-04-12 12:29:50.7444|INFO|Microsoft.AspNetCore.Routing.EndpointMiddleware|Executing endpoint 'fundoo_application.Controllers.LabelController.GetbylabelIdAndNotesId (FundooWebApp)'
2024-04-12 12:29:50.7528|INFO|Microsoft.AspNetCore.Mvc.Infrastructure.ControllerActionInvoker|Route matched with {action = "GetbylabelIdAndNotesId", controller = "Label"}. Executing controller action with signature System.Threading.Tasks.Task`1[Microsoft.AspNetCore.Mvc.IActionResult] GetbylabelIdAndNotesId(Int32) on controller fundoo_application.Controllers.LabelController (FundooWebApp).
2024-04-12 12:29:50.7877|INFO|Repository.Service.LabelServiceRepoLogic|Retrieved 3 label(s) for user with ID 1
2024-04-12 12:29:50.7877|INFO|Microsoft.AspNetCore.Mvc.Infrastructure.ObjectResultExecutor|Executing OkObjectResult, writing value of type 'System.Collections.Generic.List`1[[System.Object, System.Private.CoreLib, Version=8.0.0.0, Culture=neutral, PublicKeyToken=7cec85d7bea7798e]]'.
2024-04-12 12:29:50.7877|INFO|Microsoft.AspNetCore.Mvc.Infrastructure.ControllerActionInvoker|Executed action fundoo_application.Controllers.LabelController.GetbylabelIdAndNotesId (FundooWebApp) in 35.0224ms
2024-04-12 12:29:50.7877|INFO|Microsoft.AspNetCore.Routing.EndpointMiddleware|Executed endpoint 'fundoo_application.Controllers.LabelController.GetbylabelIdAndNotesId (FundooWebApp)'
2024-04-12 12:29:50.7877|INFO|Microsoft.AspNetCore.Hosting.Diagnostics|Request finished HTTP/2 GET https://localhost:7141/api/Label/1?userid=1 - 200 - application/json;+charset=utf-8 43.9164ms
2024-04-12 12:30:01.2841|INFO|Microsoft.AspNetCore.Hosting.Diagnostics|Request starting HTTP/2 GET https://localhost:7141/swagger/index.html - - -
2024-04-12 12:30:01.2916|INFO|Microsoft.AspNetCore.Hosting.Diagnostics|Request finished HTTP/2 GET https://localhost:7141/swagger/index.html - 200 - text/html;charset=utf-8 7.5254ms
2024-04-12 12:30:01.3345|INFO|Microsoft.AspNetCore.Hosting.Diagnostics|Request starting HTTP/2 GET https://localhost:7141/_vs/browserLink - - -
2024-04-12 12:30:01.3345|INFO|Microsoft.AspNetCore.Hosting.Diagnostics|Request starting HTTP/2 GET https://localhost:7141/_framework/aspnetcore-browser-refresh.js - - -
2024-04-12 12:30:01.3345|INFO|Microsoft.AspNetCore.Hosting.Diagnostics|Request finished HTTP/2 GET https://localhost:7141/_framework/aspnetcore-browser-refresh.js - 200 13760 application/javascript;+charset=utf-8 1.6124ms
2024-04-12 12:30:01.3345|INFO|Microsoft.AspNetCore.Hosting.Diagnostics|Request finished HTTP/2 GET https://localhost:7141/_vs/browserLink - 200 - text/javascript;+charset=UTF-8 8.7744ms
2024-04-12 12:30:01.5699|INFO|Microsoft.AspNetCore.Hosting.Diagnostics|Request starting HTTP/2 GET https://localhost:7141/swagger/v1/swagger.json - - -
2024-04-12 12:30:01.5830|INFO|Microsoft.AspNetCore.Hosting.Diagnostics|Request finished HTTP/2 GET https://localhost:7141/swagger/v1/swagger.json - 200 - application/json;charset=utf-8 12.9761ms
